0 info it worked if it ends with ok
1 verbose cli [ '/Users/wangyaping/kb-base-platform/node_modules/node/bin/node',
1 verbose cli   '/usr/local/lib/node_modules/tnpm/node_modules/_npm@3.10.10@npm/bin/npm-cli.js',
1 verbose cli   '--cache=/Users/wangyaping/.tnpm',
1 verbose cli   '--node_sqlite3_binary_host_mirror=https://tnpm-hz.oss-cn-hangzhou.aliyuncs.com/dist/',
1 verbose cli   '--fse_binary_host_mirror=https://tnpm-hz.oss-cn-hangzhou.aliyuncs.com/dist/fsevents/',
1 verbose cli   '--tmp=/Users/wangyaping/.tnpm_tmp',
1 verbose cli   '--progress=false',
1 verbose cli   '--no-proxy',
1 verbose cli   '--disturl=https://tnpm-hz.oss-cn-hangzhou.aliyuncs.com/dist/node',
1 verbose cli   '--userconfig=/Users/wangyaping/.tnpmrc',
1 verbose cli   '--registry=http://registry.npm.alibaba-inc.com',
1 verbose cli   'run',
1 verbose cli   'start' ]
2 info using npm@3.10.10
3 info using node@v8.11.3
4 verbose stack Error: missing script: start
4 verbose stack     at run (/usr/local/lib/node_modules/tnpm/node_modules/_npm@3.10.10@npm/lib/run-script.js:151:19)
4 verbose stack     at /usr/local/lib/node_modules/tnpm/node_modules/_npm@3.10.10@npm/lib/run-script.js:61:5
4 verbose stack     at /usr/local/lib/node_modules/tnpm/node_modules/_npm@3.10.10@npm/node_modules/read-package-json/read-json.js:356:5
4 verbose stack     at checkBinReferences_ (/usr/local/lib/node_modules/tnpm/node_modules/_npm@3.10.10@npm/node_modules/read-package-json/read-json.js:320:45)
4 verbose stack     at final (/usr/local/lib/node_modules/tnpm/node_modules/_npm@3.10.10@npm/node_modules/read-package-json/read-json.js:354:3)
4 verbose stack     at then (/usr/local/lib/node_modules/tnpm/node_modules/_npm@3.10.10@npm/node_modules/read-package-json/read-json.js:124:5)
4 verbose stack     at /usr/local/lib/node_modules/tnpm/node_modules/_npm@3.10.10@npm/node_modules/read-package-json/read-json.js:311:12
4 verbose stack     at /usr/local/lib/node_modules/tnpm/node_modules/_npm@3.10.10@npm/node_modules/graceful-fs/graceful-fs.js:78:16
4 verbose stack     at FSReqWrap.readFileAfterClose [as oncomplete] (fs.js:511:3)
5 verbose cwd /Users/wangyaping/kb-base-platform
6 error Darwin 17.4.0
7 error argv "/Users/wangyaping/kb-base-platform/node_modules/node/bin/node" "/usr/local/lib/node_modules/tnpm/node_modules/_npm@3.10.10@npm/bin/npm-cli.js" "--cache=/Users/wangyaping/.tnpm" "--node_sqlite3_binary_host_mirror=https://tnpm-hz.oss-cn-hangzhou.aliyuncs.com/dist/" "--fse_binary_host_mirror=https://tnpm-hz.oss-cn-hangzhou.aliyuncs.com/dist/fsevents/" "--tmp=/Users/wangyaping/.tnpm_tmp" "--progress=false" "--no-proxy" "--disturl=https://tnpm-hz.oss-cn-hangzhou.aliyuncs.com/dist/node" "--userconfig=/Users/wangyaping/.tnpmrc" "--registry=http://registry.npm.alibaba-inc.com" "run" "start"
8 error node v8.11.3
9 error npm  v3.10.10
10 error missing script: start
11 error If you need help, you may report this error at:
11 error     <https://github.com/npm/npm/issues>
12 verbose exit [ 1, true ]
